<?xml version="1.0" encoding="UTF-8"?>
<!-- Generated by org.testng.reporters.JUnitReportReporter -->
<testsuite hostname="LAPTOP-3RE7JA9T" failures="0" tests="3" name="testBase.OneLocal_TestRunner" time="54.021" errors="0" timestamp="2024-02-05T01:03:35 EST" skipped="0">
  <testcase classname="testBase.OneLocal_TestRunner" name="VerifyThridPartySiteConnectFunctionality" time="20.433"/>
  <system-out/>
  <testcase classname="testBase.OneLocal_TestRunner" name="VerifyThridPartySiteConnectFunctionality" time="17.540"/>
  <system-out/>
  <testcase classname="testBase.OneLocal_TestRunner" name="VerifyThridPartySiteConnectFunctionality" time="16.048"/>
  <system-out/>
</testsuite> <!-- testBase.OneLocal_TestRunner -->
