<?xml version="1.0" encoding="UTF-8"?>
<!-- Generated by org.testng.reporters.JUnitReportReporter -->
<testsuite hostname="LAPTOP-3RE7JA9T" failures="0" tests="1" name="testBase.BaseClass" time="2.540" errors="0" timestamp="2024-02-03T07:44:59 EST" skipped="0">
  <testcase classname="testBase.BaseClass" name="Tc_001" time="2.540"/>
  <system-out/>
</testsuite> <!-- testBase.BaseClass -->
