<?xml version="1.0" encoding="UTF-8"?>
<!-- Generated by org.testng.reporters.JUnitReportReporter -->
<testsuite hostname="LAPTOP-3RE7JA9T" failures="0" tests="3" name="testBase.OneLocal_TestRunner" time="38.995" errors="0" timestamp="2024-02-05T01:18:03 EST" skipped="0">
  <testcase classname="testBase.OneLocal_TestRunner" name="VerifyThridPartySiteConnectFunctionality" time="13.088"/>
  <system-out/>
  <testcase classname="testBase.OneLocal_TestRunner" name="VerifyThridPartySiteConnectFunctionality" time="14.072"/>
  <system-out/>
  <testcase classname="testBase.OneLocal_TestRunner" name="VerifyThridPartySiteConnectFunctionality" time="11.835"/>
  <system-out/>
</testsuite> <!-- testBase.OneLocal_TestRunner -->
